<?xml version="1.0" encoding="UTF-8"?>
<!-- Generated by org.testng.reporters.JUnitReportReporter -->
<testsuite hostname="DESKTOP-N48709M" failures="0" tests="1" name="VTigerTestCases.TC_01" time="31.747" errors="0" timestamp="2024-12-02T10:35:58 IST" skipped="0">
  <testcase classname="VTigerTestCases.TC_01" name="main" time="31.747"/>
</testsuite> <!-- VTigerTestCases.TC_01 -->
