<?xml version="1.0" encoding="UTF-8"?>
<!-- Generated by org.testng.reporters.JUnitReportReporter -->
<testsuite hostname="DESKTOP-N48709M" failures="0" tests="1" name="VTigerTestCases.Organization" time="61.371" errors="0" timestamp="2024-12-03T22:25:39 IST" skipped="0">
  <testcase classname="VTigerTestCases.Organization" name="main" time="61.371"/>
</testsuite> <!-- VTigerTestCases.Organization -->
